Log file open, 01/21/17 15:45:53
LogInit:Display: Running engine for game: GGJ17Alpha
LogPlatformFile: Not using cached read wrapper
LogInit:Display: RandInit(1697219434) SRandInit(1697219434).
LogTaskGraph: Started task graph with 5 named threads and 8 total threads with 1 sets of task threads.
LogStats: Stats thread started at 0.093580
LogPluginManager: Loaded Plugin Paper2D, From C:/Program Files (x86)/Epic Games/4.14/Engine/Plugins/2D/Paper2D/Paper2D.uplugin
LogPluginManager: Loaded Plugin LightPropagationVolume, From C:/Program Files (x86)/Epic Games/4.14/Engine/Plugins/Blendables/LightPropagationVolume/LightPropagationVolume.uplugin
LogPluginManager: Loaded Plugin BlankPlugin, From C:/Program Files (x86)/Epic Games/4.14/Engine/Plugins/Developer/BlankPlugin/BlankPlugin.uplugin
LogPluginManager: Loaded Plugin CodeLiteSourceCodeAccess, From C:/Program Files (x86)/Epic Games/4.14/Engine/Plugins/Developer/CodeLiteSourceCodeAccess/CodeLiteSourceCodeAccess.uplugin
LogPluginManager: Loaded Plugin GitSourceControl, From C:/Program Files (x86)/Epic Games/4.14/Engine/Plugins/Developer/GitSourceControl/GitSourceControl.uplugin
LogPluginManager: Loaded Plugin KDevelopSourceCodeAccess, From C:/Program Files (x86)/Epic Games/4.14/Engine/Plugins/Developer/KDevelopSourceCodeAccess/KDevelopSourceCodeAccess.uplugin
LogPluginManager: Loaded Plugin NullSourceCodeAccess, From C:/Program Files (x86)/Epic Games/4.14/Engine/Plugins/Developer/NullSourceCodeAccess/NullSourceCodeAccess.uplugin
LogPluginManager: Loaded Plugin OneSkyLocalizationService, From C:/Program Files (x86)/Epic Games/4.14/Engine/Plugins/Developer/OneSkyLocalizationService/OneSkyLocalizationService.uplugin
LogPluginManager: Loaded Plugin PerforceSourceControl, From C:/Program Files (x86)/Epic Games/4.14/Engine/Plugins/Developer/PerforceSourceControl/PerforceSourceControl.uplugin
LogPluginManager: Loaded Plugin SubversionSourceControl, From C:/Program Files (x86)/Epic Games/4.14/Engine/Plugins/Developer/SubversionSourceControl/SubversionSourceControl.uplugin
LogPluginManager: Loaded Plugin UObjectPlugin, From C:/Program Files (x86)/Epic Games/4.14/Engine/Plugins/Developer/UObjectPlugin/UObjectPlugin.uplugin
LogPluginManager: Loaded Plugin VisualStudioSourceCodeAccess, From C:/Program Files (x86)/Epic Games/4.14/Engine/Plugins/Developer/VisualStudioSourceCodeAccess/VisualStudioSourceCodeAccess.uplugin
LogPluginManager: Loaded Plugin XCodeSourceCodeAccess, From C:/Program Files (x86)/Epic Games/4.14/Engine/Plugins/Developer/XCodeSourceCodeAccess/XCodeSourceCodeAccess.uplugin
LogPluginManager: Loaded Plugin AudioCapture, From C:/Program Files (x86)/Epic Games/4.14/Engine/Plugins/Editor/AudioCapture/AudioCapture.uplugin
LogPluginManager: Loaded Plugin EpicSurvey, From C:/Program Files (x86)/Epic Games/4.14/Engine/Plugins/Editor/EpicSurvey/EpicSurvey.uplugin
LogPluginManager: Loaded Plugin MacGraphicsSwitching, From C:/Program Files (x86)/Epic Games/4.14/Engine/Plugins/Editor/MacGraphicsSwitching/MacGraphicsSwitching.uplugin
LogPluginManager: Loaded Plugin MobileLauncherProfileWizard, From C:/Program Files (x86)/Epic Games/4.14/Engine/Plugins/Editor/MobileLauncherProfileWizard/MobileLauncherProfileWizard.uplugin
LogPluginManager: Loaded Plugin PluginBrowser, From C:/Program Files (x86)/Epic Games/4.14/Engine/Plugins/Editor/PluginBrowser/PluginBrowser.uplugin
LogPluginManager: Loaded Plugin SpeedTreeImporter, From C:/Program Files (x86)/Epic Games/4.14/Engine/Plugins/Editor/SpeedTreeImporter/SpeedTreeImporter.uplugin
LogPluginManager: Loaded Plugin SuperSearchEditor, From C:/Program Files (x86)/Epic Games/4.14/Engine/Plugins/Editor/SuperSearchEditor/SuperSearchEditor.uplugin
LogPluginManager: Loaded Plugin AlembicImporter, From C:/Program Files (x86)/Epic Games/4.14/Engine/Plugins/Experimental/AlembicImporter/AlembicImporter.uplugin
LogPluginManager: Loaded Plugin BlueprintStats, From C:/Program Files (x86)/Epic Games/4.14/Engine/Plugins/Experimental/BlueprintStats/BlueprintStats.uplugin
LogPluginManager: Loaded Plugin CharacterAI, From C:/Program Files (x86)/Epic Games/4.14/Engine/Plugins/Experimental/CharacterAI/CharacterAI.uplugin
LogPluginManager: Loaded Plugin CodeEditor, From C:/Program Files (x86)/Epic Games/4.14/Engine/Plugins/Experimental/CodeEditor/CodeEditor.uplugin
LogPluginManager: Loaded Plugin CodeView, From C:/Program Files (x86)/Epic Games/4.14/Engine/Plugins/Experimental/CodeView/CodeView.uplugin
LogPluginManager: Loaded Plugin HTML5Networking, From C:/Program Files (x86)/Epic Games/4.14/Engine/Plugins/Experimental/HTML5Networking/HTML5Networking.uplugin
LogPluginManager: Loaded Plugin OSVR, From C:/Program Files (x86)/Epic Games/4.14/Engine/Plugins/Experimental/OSVR/OSVR.uplugin
LogPluginManager: Loaded Plugin Phya, From C:/Program Files (x86)/Epic Games/4.14/Engine/Plugins/Experimental/Phya/Phya.uplugin
LogPluginManager: Loaded Plugin SignificanceManager, From C:/Program Files (x86)/Epic Games/4.14/Engine/Plugins/Experimental/SignificanceManager/SignificanceManager.uplugin
LogPluginManager: Loaded Plugin SimpleHMD, From C:/Program Files (x86)/Epic Games/4.14/Engine/Plugins/Experimental/SimpleHMD/SimpleHMD.uplugin
LogPluginManager: Loaded Plugin StereoPanorama, From C:/Program Files (x86)/Epic Games/4.14/Engine/Plugins/Experimental/StereoPanorama/StereoPanorama.uplugin
LogPluginManager: Loaded Plugin StructBox, From C:/Program Files (x86)/Epic Games/4.14/Engine/Plugins/Experimental/StructBox/StructBox.uplugin
LogPluginManager: Loaded Plugin Substance, From C:/Program Files (x86)/Epic Games/4.14/Engine/Plugins/Marketplace/Substance/Substance.uplugin
LogPluginManager: Loaded Plugin AndroidMedia, From C:/Program Files (x86)/Epic Games/4.14/Engine/Plugins/Media/AndroidMedia/AndroidMedia.uplugin
LogPluginManager: Loaded Plugin AvfMedia, From C:/Program Files (x86)/Epic Games/4.14/Engine/Plugins/Media/AvfMedia/AvfMedia.uplugin
LogPluginManager: Loaded Plugin MediaPlayerEditor, From C:/Program Files (x86)/Epic Games/4.14/Engine/Plugins/Media/MediaPlayerEditor/MediaPlayerEditor.uplugin
LogPluginManager: Loaded Plugin WmfMedia, From C:/Program Files (x86)/Epic Games/4.14/Engine/Plugins/Media/WmfMedia/WmfMedia.uplugin
LogPluginManager: Loaded Plugin MessagingDebugger, From C:/Program Files (x86)/Epic Games/4.14/Engine/Plugins/Messaging/MessagingDebugger/MessagingDebugger.uplugin
LogPluginManager: Loaded Plugin TcpMessaging, From C:/Program Files (x86)/Epic Games/4.14/Engine/Plugins/Messaging/TcpMessaging/TcpMessaging.uplugin
LogPluginManager: Loaded Plugin UdpMessaging, From C:/Program Files (x86)/Epic Games/4.14/Engine/Plugins/Messaging/UdpMessaging/UdpMessaging.uplugin
LogPluginManager: Loaded Plugin LevelSequenceEditor, From C:/Program Files (x86)/Epic Games/4.14/Engine/Plugins/MovieScene/LevelSequenceEditor/LevelSequenceEditor.uplugin
LogPluginManager: Loaded Plugin MatineeToLevelSequence, From C:/Program Files (x86)/Epic Games/4.14/Engine/Plugins/MovieScene/MatineeToLevelSequence/MatineeToLevelSequence.uplugin
LogPluginManager: Loaded Plugin NetcodeUnitTest, From C:/Program Files (x86)/Epic Games/4.14/Engine/Plugins/NetcodeUnitTest/NetcodeUnitTest/NetcodeUnitTest.uplugin
LogPluginManager: Loaded Plugin NUTUnrealEngine4, From C:/Program Files (x86)/Epic Games/4.14/Engine/Plugins/NetcodeUnitTest/NUTUnrealEngine4/NUTUnrealEngine4.uplugin
LogPluginManager: Loaded Plugin OnlineSubsystemGameCircle, From C:/Program Files (x86)/Epic Games/4.14/Engine/Plugins/Online/Android/OnlineSubsystemGameCircle/OnlineSubsystemGameCircle.uplugin
LogPluginManager: Loaded Plugin OnlineSubsystemGooglePlay, From C:/Program Files (x86)/Epic Games/4.14/Engine/Plugins/Online/Android/OnlineSubsystemGooglePlay/OnlineSubsystemGooglePlay.uplugin
LogPluginManager: Loaded Plugin OnlineSubsystemIOS, From C:/Program Files (x86)/Epic Games/4.14/Engine/Plugins/Online/IOS/OnlineSubsystemIOS/OnlineSubsystemIOS.uplugin
LogPluginManager: Loaded Plugin OnlineFramework, From C:/Program Files (x86)/Epic Games/4.14/Engine/Plugins/Online/OnlineFramework/OnlineFramework.uplugin
LogPluginManager: Loaded Plugin OnlineSubsystem, From C:/Program Files (x86)/Epic Games/4.14/Engine/Plugins/Online/OnlineSubsystem/OnlineSubsystem.uplugin
LogPluginManager: Loaded Plugin OnlineSubsystemAmazon, From C:/Program Files (x86)/Epic Games/4.14/Engine/Plugins/Online/OnlineSubsystemAmazon/OnlineSubsystemAmazon.uplugin
LogPluginManager: Loaded Plugin OnlineSubsystemFacebook, From C:/Program Files (x86)/Epic Games/4.14/Engine/Plugins/Online/OnlineSubsystemFacebook/OnlineSubsystemFacebook.uplugin
LogPluginManager: Loaded Plugin OnlineSubsystemNull, From C:/Program Files (x86)/Epic Games/4.14/Engine/Plugins/Online/OnlineSubsystemNull/OnlineSubsystemNull.uplugin
LogPluginManager: Loaded Plugin OnlineSubsystemOculus, From C:/Program Files (x86)/Epic Games/4.14/Engine/Plugins/Online/OnlineSubsystemOculus/OnlineSubsystemOculus.uplugin
LogPluginManager: Loaded Plugin OnlineSubsystemSteam, From C:/Program Files (x86)/Epic Games/4.14/Engine/Plugins/Online/OnlineSubsystemSteam/OnlineSubsystemSteam.uplugin
LogPluginManager: Loaded Plugin OnlineSubsystemUtils, From C:/Program Files (x86)/Epic Games/4.14/Engine/Plugins/Online/OnlineSubsystemUtils/OnlineSubsystemUtils.uplugin
LogPluginManager: Loaded Plugin IOSTapJoy, From C:/Program Files (x86)/Epic Games/4.14/Engine/Plugins/Runtime/Advertising/IOSTapJoy/IOSTapJoy.uplugin
LogPluginManager: Loaded Plugin AnalyticsBlueprintLibrary, From C:/Program Files (x86)/Epic Games/4.14/Engine/Plugins/Runtime/Analytics/AnalyticsBlueprintLibrary/AnalyticsBlueprintLibrary.uplugin
LogPluginManager: Loaded Plugin AnalyticsMulticast, From C:/Program Files (x86)/Epic Games/4.14/Engine/Plugins/Runtime/Analytics/AnalyticsMulticast/AnalyticsMulticast.uplugin
LogPluginManager: Loaded Plugin Apsalar, From C:/Program Files (x86)/Epic Games/4.14/Engine/Plugins/Runtime/Analytics/Apsalar/Apsalar.uplugin
LogPluginManager: Loaded Plugin FileLogging, From C:/Program Files (x86)/Epic Games/4.14/Engine/Plugins/Runtime/Analytics/FileLogging/FileLogging.uplugin
LogPluginManager: Loaded Plugin Flurry, From C:/Program Files (x86)/Epic Games/4.14/Engine/Plugins/Runtime/Analytics/Flurry/Flurry.uplugin
LogPluginManager: Loaded Plugin AndroidDeviceProfileSelector, From C:/Program Files (x86)/Epic Games/4.14/Engine/Plugins/Runtime/AndroidDeviceProfileSelector/AndroidDeviceProfileSelector.uplugin
LogPluginManager: Loaded Plugin AndroidMoviePlayer, From C:/Program Files (x86)/Epic Games/4.14/Engine/Plugins/Runtime/AndroidMoviePlayer/AndroidMoviePlayer.uplugin
LogPluginManager: Loaded Plugin AppleMoviePlayer, From C:/Program Files (x86)/Epic Games/4.14/Engine/Plugins/Runtime/AppleMoviePlayer/AppleMoviePlayer.uplugin
LogPluginManager: Loaded Plugin ArchVisCharacter, From C:/Program Files (x86)/Epic Games/4.14/Engine/Plugins/Runtime/ArchVisCharacter/ArchVisCharacter.uplugin
LogPluginManager: Loaded Plugin CableComponent, From C:/Program Files (x86)/Epic Games/4.14/Engine/Plugins/Runtime/CableComponent/CableComponent.uplugin
LogPluginManager: Loaded Plugin CustomMeshComponent, From C:/Program Files (x86)/Epic Games/4.14/Engine/Plugins/Runtime/CustomMeshComponent/CustomMeshComponent.uplugin
LogPluginManager: Loaded Plugin ExampleDeviceProfileSelector, From C:/Program Files (x86)/Epic Games/4.14/Engine/Plugins/Runtime/ExampleDeviceProfileSelector/ExampleDeviceProfileSelector.uplugin
LogPluginManager: Loaded Plugin GearVR, From C:/Program Files (x86)/Epic Games/4.14/Engine/Plugins/Runtime/GearVR/GearVR.uplugin
LogPluginManager: Loaded Plugin GoogleVRController, From C:/Program Files (x86)/Epic Games/4.14/Engine/Plugins/Runtime/GoogleVR/GoogleVRController/GoogleVRController.uplugin
LogPluginManager: Loaded Plugin GoogleVRHMD, From C:/Program Files (x86)/Epic Games/4.14/Engine/Plugins/Runtime/GoogleVR/GoogleVRHMD/GoogleVRHMD.uplugin
LogPluginManager: Loaded Plugin IOSDeviceProfileSelector, From C:/Program Files (x86)/Epic Games/4.14/Engine/Plugins/Runtime/IOSDeviceProfileSelector/IOSDeviceProfileSelector.uplugin
LogPluginManager: Loaded Plugin LeapMotion, From C:/Program Files (x86)/Epic Games/4.14/Engine/Plugins/Runtime/LeapMotion/LeapMotion.uplugin
LogPluginManager: Loaded Plugin LinuxDeviceProfileSelector, From C:/Program Files (x86)/Epic Games/4.14/Engine/Plugins/Runtime/LinuxDeviceProfileSelector/LinuxDeviceProfileSelector.uplugin
LogPluginManager: Loaded Plugin MIDIDevice, From C:/Program Files (x86)/Epic Games/4.14/Engine/Plugins/Runtime/MIDIDevice/MIDIDevice.uplugin
LogPluginManager: Loaded Plugin MobilePatchingUtils, From C:/Program Files (x86)/Epic Games/4.14/Engine/Plugins/Runtime/MobilePatchingUtils/MobilePatchingUtils.uplugin
LogPluginManager: Loaded Plugin Ansel, From C:/Program Files (x86)/Epic Games/4.14/Engine/Plugins/Runtime/Nvidia/Ansel/Ansel.uplugin
LogPluginManager: Loaded Plugin OculusAudio, From C:/Program Files (x86)/Epic Games/4.14/Engine/Plugins/Runtime/OculusAudio/OculusAudio.uplugin
LogPluginManager: Loaded Plugin OculusInput, From C:/Program Files (x86)/Epic Games/4.14/Engine/Plugins/Runtime/OculusInput/OculusInput.uplugin
LogPluginManager: Loaded Plugin OculusLibrary, From C:/Program Files (x86)/Epic Games/4.14/Engine/Plugins/Runtime/OculusLibrary/OculusLibrary.uplugin
LogPluginManager: Loaded Plugin OculusRift, From C:/Program Files (x86)/Epic Games/4.14/Engine/Plugins/Runtime/OculusRift/OculusRift.uplugin
LogPluginManager: Loaded Plugin Oodle, From C:/Program Files (x86)/Epic Games/4.14/Engine/Plugins/Runtime/PacketHandlers/CompressionComponents/Oodle/Oodle.uplugin
LogPluginManager: Loaded Plugin ProceduralMeshComponent, From C:/Program Files (x86)/Epic Games/4.14/Engine/Plugins/Runtime/ProceduralMeshComponent/ProceduralMeshComponent.uplugin
LogPluginManager: Loaded Plugin SoundMod, From C:/Program Files (x86)/Epic Games/4.14/Engine/Plugins/Runtime/SoundMod/SoundMod.uplugin
LogPluginManager: Loaded Plugin SoundVisualizations, From C:/Program Files (x86)/Epic Games/4.14/Engine/Plugins/Runtime/SoundVisualizations/SoundVisualizations.uplugin
LogPluginManager: Loaded Plugin SteamController, From C:/Program Files (x86)/Epic Games/4.14/Engine/Plugins/Runtime/Steam/SteamController/SteamController.uplugin
LogPluginManager: Loaded Plugin SteamVR, From C:/Program Files (x86)/Epic Games/4.14/Engine/Plugins/Runtime/Steam/SteamVR/SteamVR.uplugin
LogPluginManager: Loaded Plugin WebBrowserWidget, From C:/Program Files (x86)/Epic Games/4.14/Engine/Plugins/Runtime/WebBrowserWidget/WebBrowserWidget.uplugin
LogPluginManager: Loaded Plugin WindowsDeviceProfileSelector, From C:/Program Files (x86)/Epic Games/4.14/Engine/Plugins/Runtime/WindowsDeviceProfileSelector/WindowsDeviceProfileSelector.uplugin
LogPluginManager: Loaded Plugin WindowsMoviePlayer, From C:/Program Files (x86)/Epic Games/4.14/Engine/Plugins/Runtime/WindowsMoviePlayer/WindowsMoviePlayer.uplugin
LogPluginManager: Loaded Plugin ScriptPlugin, From C:/Program Files (x86)/Epic Games/4.14/Engine/Plugins/ScriptPlugin/ScriptPlugin.uplugin
LogPluginManager: Loaded Plugin SlateRemote, From C:/Program Files (x86)/Epic Games/4.14/Engine/Plugins/Slate/SlateRemote/SlateRemote.uplugin
LogPluginManager: Loaded Plugin EditorTests, From C:/Program Files (x86)/Epic Games/4.14/Engine/Plugins/Tests/EditorTests/EditorTests.uplugin
LogPluginManager: Loaded Plugin FbxAutomationTestBuilder, From C:/Program Files (x86)/Epic Games/4.14/Engine/Plugins/Tests/FbxAutomationTestBuilder/FbxAutomationTestBuilder.uplugin
LogPluginManager: Loaded Plugin FunctionalTestingEditor, From C:/Program Files (x86)/Epic Games/4.14/Engine/Plugins/Tests/FunctionalTestingEditor/FunctionalTestingEditor.uplugin
LogPluginManager: Loaded Plugin RuntimeTests, From C:/Program Files (x86)/Epic Games/4.14/Engine/Plugins/Tests/RuntimeTests/RuntimeTests.uplugin
LogPluginManager: Loaded Plugin ScreenshotTools, From C:/Program Files (x86)/Epic Games/4.14/Engine/Plugins/Tests/ScreenshotTools/ScreenshotTools.uplugin
LogInit: Using libcurl 7.47.1
LogInit:  - built for x86_64-pc-win32
LogInit:  - supports SSL with OpenSSL/1.0.2g
LogInit:  - supports HTTP deflate (compression) using libz 1.2.8
LogInit:  - other features:
LogInit:      CURL_VERSION_SSL
LogInit:      CURL_VERSION_LIBZ
LogInit:      CURL_VERSION_IPV6
LogInit:      CURL_VERSION_ASYNCHDNS
LogInit:      CURL_VERSION_LARGEFILE
LogInit:      CURL_VERSION_IDN
LogInit:  CurlRequestOptions (configurable via config and command line):
LogInit:  - bVerifyPeer = false  - Libcurl will NOT verify peer certificate
LogInit:  - bUseHttpProxy = false  - Libcurl will NOT use HTTP proxy
LogInit:  - bDontReuseConnections = false  - Libcurl will reuse connections
LogInit:  - CertBundlePath = nullptr  - Libcurl will use whatever was configured at build time.
LogInit: Build: ++UE4+Release-4.14-CL-3249277
LogInit: Engine Version: 4.14.3-3249277+++UE4+Release-4.14
LogInit: Compatible Engine Version: 4.14.0-3195953+++UE4+Release-4.14
LogInit: Net CL: 3195953
LogDevObjectVersion: Number of dev versions registered: 13
LogDevObjectVersion:   Dev-Blueprints (B0D832E4-1F89-4F0D-ACCF-7EB736FD4AA2): 7
LogDevObjectVersion:   Dev-Build (E1C64328-A22C-4D53-A36C-8E866417BD8C): 0
LogDevObjectVersion:   Dev-Core (375EC13C-06E4-48FB-B500-84F0262A717E): 1
LogDevObjectVersion:   Dev-Editor (E4B068ED-F494-42E9-A231-DA0B2E46BB41): 8
LogDevObjectVersion:   Dev-Framework (CFFC743F-43B0-4480-9391-14DF171D2073): 17
LogDevObjectVersion:   Dev-Mobile (B02B49B5-BB20-44E9-A304-32B752E40360): 0
LogDevObjectVersion:   Dev-Networking (A4E4105C-59A1-49B5-A7C5-40C4547EDFEE): 0
LogDevObjectVersion:   Dev-Online (39C831C9-5AE6-47DC-9A44-9C173E1C8E7C): 0
LogDevObjectVersion:   Dev-Physics (78F01B33-EBEA-4F98-B9B4-84EACCB95AA2): 0
LogDevObjectVersion:   Dev-Platform (6631380F-2D4D-43E0-8009-CF276956A95A): 0
LogDevObjectVersion:   Dev-Rendering (12F88B9F-8875-4AFC-A67C-D90C383ABD29): 12
LogDevObjectVersion:   Dev-Sequencer (7B5AE74C-D270-4C10-A958-57980B212A5A): 1
LogDevObjectVersion:   Dev-VR (D7296918-1DD6-4BDD-9DE2-64A83CC13884): 0
LogInit: Compiled (64-bit): Jan  6 2017 10:49:43
LogInit: Compiled with Visual C++: 19.00.23026.00
LogInit: Build Configuration: Development
LogInit: Branch Name: ++UE4+Release-4.14
LogInit: Command line:  
LogInit: Base directory: C:/Program Files (x86)/Epic Games/4.14/Engine/Binaries/Win64/
LogInit: Installed Engine Build: 1
LogInit: Presizing for max 8388607 objects, including 0 objects not considered by GC, pre-allocating 0 bytes for permanent pool.
LogInit: Object subsystem initialized
[2017.01.21-23.45.54:292][  0]LogInit: Selected Device Profile: [Windows]
[2017.01.21-23.45.54:292][  0]LogInit: Applying CVar settings loaded from the selected device profile: [Windows]
[2017.01.21-23.45.54:305][  0]LogInit: Computer: DESKTOP-4C0VF1H
[2017.01.21-23.45.54:305][  0]LogInit: User: natha
[2017.01.21-23.45.54:305][  0]LogInit: CPU Page size=65536, Cores=4
[2017.01.21-23.45.54:305][  0]LogInit: High frequency timer resolution =2.338341 MHz
[2017.01.21-23.45.54:305][  0]LogMemory: Memory total: Physical=15.9GB (16GB approx)
[2017.01.21-23.45.54:305][  0]LogMemory: Platform Memory Stats for Windows
[2017.01.21-23.45.54:305][  0]LogMemory: Process Physical Memory: 263.00 MB used, 263.00 MB peak
[2017.01.21-23.45.54:305][  0]LogMemory: Process Virtual Memory: 262.97 MB used, 262.97 MB peak
[2017.01.21-23.45.54:305][  0]LogMemory: Physical Memory: 11247.22 MB used,  5054.38 MB free, 16301.60 MB total
[2017.01.21-23.45.54:305][  0]LogMemory: Virtual Memory: 676.42 MB used,  5054.38 MB free, 134217728.00 MB total
[2017.01.21-23.45.54:335][  0]LogTextLocalizationManager: No specific translations for ('en-US') exist, so ('en') translations will be used.
[2017.01.21-23.45.55:038][  0]LogD3D11RHI: D3D11 adapters:
[2017.01.21-23.45.55:675][  0]LogD3D11RHI:    0. 'NVIDIA GeForce GTX 860M' (Feature Level 11_0)
[2017.01.21-23.45.55:675][  0]LogD3D11RHI:       2018/0/8150 MB DedicatedVideo/DedicatedSystem/SharedSystem, Outputs:1, VendorId:0x10de
[2017.01.21-23.45.55:680][  0]LogD3D11RHI:    1. 'Intel(R) HD Graphics 4600' (Feature Level 11_0)
[2017.01.21-23.45.55:680][  0]LogD3D11RHI:       112/0/2048 MB DedicatedVideo/DedicatedSystem/SharedSystem, Outputs:0, VendorId:0x8086
[2017.01.21-23.45.55:681][  0]LogD3D11RHI:    2. 'Microsoft Basic Render Driver' (Feature Level 11_0)
[2017.01.21-23.45.55:681][  0]LogD3D11RHI:       0/0/8150 MB DedicatedVideo/DedicatedSystem/SharedSystem, Outputs:0, VendorId:0x1414
[2017.01.21-23.45.55:681][  0]LogD3D11RHI: Chosen D3D11 Adapter: 0
[2017.01.21-23.45.55:687][  0]LogD3D11RHI: Creating new Direct3DDevice
[2017.01.21-23.45.55:687][  0]LogD3D11RHI:     GPU DeviceId: 0x1392 (for the marketing name, search the web for "GPU Device Id")
[2017.01.21-23.45.55:687][  0]LogWindows: EnumDisplayDevices:
[2017.01.21-23.45.55:687][  0]LogWindows:    0. 'Intel(R) HD Graphics 4600' (P:1 D:1)
[2017.01.21-23.45.55:688][  0]LogWindows:    1. 'Intel(R) HD Graphics 4600' (P:0 D:0)
[2017.01.21-23.45.55:688][  0]LogWindows:    2. 'Intel(R) HD Graphics 4600' (P:0 D:0)
[2017.01.21-23.45.55:688][  0]LogWindows: DebugString: PrimaryIsNotTheChoosenAdapter PrimaryIsNotTheChoosenAdapter PrimaryIsNotTheChoosenAdapter FoundDriverCount:0 
[2017.01.21-23.45.55:688][  0]LogD3D11RHI:     Adapter Name: NVIDIA GeForce GTX 860M
[2017.01.21-23.45.55:688][  0]LogD3D11RHI:   Driver Version: Unknown (internal:Unknown, unified:Unknown)
[2017.01.21-23.45.55:688][  0]LogD3D11RHI:      Driver Date: Unknown
[2017.01.21-23.45.55:688][  0]LogRHI: Texture pool is 1361 MB (70% of 1945 MB)
[2017.01.21-23.45.56:253][  0]LogD3D11RHI: Async texture creation enabled
[2017.01.21-23.45.56:304][  0]LogD3D11RHI: GPU Timing Frequency: 1000.000000 (Debug: 2 2)
[2017.01.21-23.45.56:305][  0]LogShaderCompilers: Guid format shader working directory is -24 characters bigger than the processId version (../../../../../../Users/natha/Desktop/GIT/GlobalGameJam2017/GGJ17Alpha/Intermediate/Shaders/WorkingDirectory/9880/).
[2017.01.21-23.45.56:305][  0]LogShaderCompilers: Cleaned the shader compiler working directory 'C:/Users/natha/AppData/Local/Temp/UnrealShaderWorkingDir/6A4BADD54BFECFE7EF0CE2B4BFAF5529/'.
[2017.01.21-23.45.56:305][  0]LogShaderCompilers:Display: Using Local Shader Compiler.
[2017.01.21-23.45.57:399][  0]LogTemp:Display: Loaded TP AllDesktopTargetPlatform
[2017.01.21-23.45.57:456][  0]LogTemp:Display: Loaded TP MacClientTargetPlatform
[2017.01.21-23.45.57:518][  0]LogTemp:Display: Loaded TP MacNoEditorTargetPlatform
[2017.01.21-23.45.57:581][  0]LogTemp:Display: Loaded TP MacServerTargetPlatform
[2017.01.21-23.45.57:636][  0]LogTemp:Display: Loaded TP MacTargetPlatform
[2017.01.21-23.45.57:692][  0]LogTemp:Display: Loaded TP WindowsClientTargetPlatform
[2017.01.21-23.45.57:765][  0]LogTemp:Display: Loaded TP WindowsNoEditorTargetPlatform
[2017.01.21-23.45.57:821][  0]LogTemp:Display: Loaded TP WindowsServerTargetPlatform
[2017.01.21-23.45.57:867][  0]LogTemp:Display: Loaded TP WindowsTargetPlatform
[2017.01.21-23.45.57:921][  0]LogTemp:Display: Loaded TP AndroidTargetPlatform
[2017.01.21-23.45.57:976][  0]LogTemp:Display: Loaded TP Android_ASTCTargetPlatform
[2017.01.21-23.45.58:029][  0]LogTemp:Display: Loaded TP Android_ATCTargetPlatform
[2017.01.21-23.45.58:084][  0]LogTemp:Display: Loaded TP Android_DXTTargetPlatform
[2017.01.21-23.45.58:140][  0]LogTemp:Display: Loaded TP Android_ETC1TargetPlatform
[2017.01.21-23.45.58:193][  0]LogTemp:Display: Loaded TP Android_ETC2TargetPlatform
[2017.01.21-23.45.58:302][  0]LogTemp:Display: Loaded TP Android_MultiTargetPlatform
[2017.01.21-23.45.58:302][  0]LogTemp:Display: Loaded TP Android_PVRTCTargetPlatform
[2017.01.21-23.45.58:337][  0]LogTemp:Display: Loaded TP HTML5TargetPlatform
[2017.01.21-23.45.58:423][  0]LogTemp:Display: Loaded TP IOSTargetPlatform
[2017.01.21-23.45.58:458][  0]LogTemp:Display: Loaded TP TVOSTargetPlatform
[2017.01.21-23.45.58:510][  0]LogTemp:Display: Loaded TP LinuxClientTargetPlatform
[2017.01.21-23.45.58:565][  0]LogTemp:Display: Loaded TP LinuxNoEditorTargetPlatform
[2017.01.21-23.45.58:620][  0]LogTemp:Display: Loaded TP LinuxServerTargetPlatform
[2017.01.21-23.45.58:672][  0]LogTemp:Display: Loaded TP LinuxTargetPlatform
[2017.01.21-23.45.58:672][  0]LogTargetPlatformManager:Display: Building Assets For Windows
[2017.01.21-23.45.59:105][  0]LogDerivedDataCache:Display: Max Cache Size: 512 MB
[2017.01.21-23.45.59:162][  0]LogDerivedDataCache: Loaded boot cache 0.06s 51MB C:/Users/natha/AppData/Local/UnrealEngine/4.14/DerivedDataCache/Boot.ddc.
[2017.01.21-23.45.59:163][  0]LogDerivedDataCache:Display: Loaded Boot cache: C:/Users/natha/AppData/Local/UnrealEngine/4.14/DerivedDataCache/Boot.ddc
[2017.01.21-23.45.59:163][  0]LogDerivedDataCache: FDerivedDataBackendGraph:  Pak pak cache file ../../../../../../Users/natha/Desktop/GIT/GlobalGameJam2017/GGJ17Alpha/DerivedDataCache/DDC.ddp not found, will not use a pak cache.
[2017.01.21-23.45.59:163][  0]LogDerivedDataCache: Unable to find inner node Pak for hierarchical cache Hierarchy.
[2017.01.21-23.45.59:163][  0]LogDerivedDataCache: FDerivedDataBackendGraph:  CompressedPak pak cache file ../../../../../../Users/natha/Desktop/GIT/GlobalGameJam2017/GGJ17Alpha/DerivedDataCache/Compressed.ddp not found, will not use a pak cache.
[2017.01.21-23.45.59:163][  0]LogDerivedDataCache: Unable to find inner node CompressedPak for hierarchical cache Hierarchy.
[2017.01.21-23.45.59:180][  0]LogDerivedDataCache:Display: Pak cache opened for reading ../../../Engine/DerivedDataCache/Compressed.ddp.
[2017.01.21-23.45.59:192][  0]LogDerivedDataCache: Using Local data cache path C:/Users/natha/AppData/Local/UnrealEngine/Common/DerivedDataCache: Writable
[2017.01.21-23.45.59:402][  0]LogInit: Selected Device Profile: [Windows]
[2017.01.21-23.45.59:407][  0]LogContentStreaming: Texture pool size is 0.00 MB
[2017.01.21-23.45.59:620][  0]LogMeshUtilities: Using QuadricMeshReduction for automatic static mesh reduction
[2017.01.21-23.45.59:661][  0]LogSimplygon: Simplygon DLL not present - disabling.
[2017.01.21-23.45.59:709][  0]LogMeshUtilities: Using SimplygonSwarm for distributed automatic mesh merging
[2017.01.21-23.45.59:709][  0]LogMeshUtilities: No automatic skeletal mesh reduction module available
[2017.01.21-23.45.59:709][  0]LogMeshUtilities: No automatic mesh merging module available
[2017.01.21-23.46.00:239][  0]LogNetVersion: GetLocalNetworkVersion: CL: 3195953, ProjectName: ggj17alpha, ProjectVersion: , EngineNetworkVersion: 2, GameNetworkVersion: 0, NetworkChecksum: 812781780
[2017.01.21-23.46.00:297][  0]LogAssetRegistry: FAssetRegistry took 0.0218 seconds to start up
[2017.01.21-23.46.00:350][  0]LogPackageLocalizationCache: Processed 3 localized package path(s) for 2 prioritized culture(s) in 0.030056 seconds
[2017.01.21-23.46.00:356][  0]LogUObjectArray: 31946 objects as part of root set at end of initial load.
[2017.01.21-23.46.00:356][  0]LogUObjectAllocator: 6935840 out of 0 bytes used by permanent object pool.
[2017.01.21-23.46.00:356][  0]LogUObjectArray: CloseDisregardForGC: 0/0 objects in disregard for GC pool
[2017.01.21-23.46.00:425][  0]LogInit: WinSock: version 1.1 (2.2), MaxSocks=32767, MaxUdp=65467
[2017.01.21-23.46.01:340][  0]LogSlate: Using Freetype 2.6.0
[2017.01.21-23.46.01:341][  0]LogSlate: SlateFontCache - WITH_FREETYPE: 1, WITH_HARFBUZZ: 1
[2017.01.21-23.46.01:341][  0]LogSlate: SlateFontCache - WITH_FREETYPE: 1, WITH_HARFBUZZ: 1
[2017.01.21-23.46.02:273][  0]LogSubstanceCoreModule: Substance [CPU] Engine Loaded, Max Texture Size = 2048
[2017.01.21-23.46.02:307][  0]LogTcpMessaging: Initializing TcpMessaging bridge
[2017.01.21-23.46.02:347][  0]LogUdpMessaging: Initializing bridge on interface 0.0.0.0:0 to multicast group 230.0.0.1:6666.
[2017.01.21-23.46.02:755][  0]LogMaterial: Uniform references updated for custom material expression Custom.
[2017.01.21-23.46.03:136][  0]SourceControl: Info Source control is disabled
[2017.01.21-23.46.03:212][  0]SourceControl: Info Source control is disabled
[2017.01.21-23.46.03:261][  0]SourceControl: Info Source control is disabled
[2017.01.21-23.46.03:309][  0]SourceControl: Info Source control is disabled
[2017.01.21-23.46.04:901][  0]LogEngine: Initializing Engine...
[2017.01.21-23.46.04:902][  0]LogHMD: Failed to initialize OpenVR with code 110
[2017.01.21-23.46.05:164][  0]LogAIModule: Creating AISystem for world Untitled
[2017.01.21-23.46.05:169][  0]LogInit: XAudio2 using 'Speakers (High Definition Audio Device)' : 2 channels at 44.1 kHz using 16 bits per sample (channel mask 0x3)
[2017.01.21-23.46.05:179][  0]LogInit: FAudioDevice initialized.
[2017.01.21-23.46.05:207][  0]LogDerivedDataCache: Saved boot cache 0.03s 51MB C:/Users/natha/AppData/Local/UnrealEngine/4.14/DerivedDataCache/Boot.ddc.
[2017.01.21-23.46.05:215][  0]LogInit: Texture streaming: Enabled
[2017.01.21-23.46.05:401][  0]LogInit: Transaction tracking system initialized
[2017.01.21-23.46.05:774][  0]BlueprintLog: New page: Editor Load
[2017.01.21-23.46.06:704][  0]LocalizationService: Info Localization service is disabled
[2017.01.21-23.46.07:446][  0]LogConsoleResponse:Display: 
[2017.01.21-23.46.07:579][  0]LogCook:Display: Max memory allowance for cook 16384mb min free memory 0mb
[2017.01.21-23.46.07:579][  0]LogCook:Display: Mobile HDR setting 1
[2017.01.21-23.46.08:503][  0]LogFileCache: Scanning file cache for directory 'C:/Users/natha/Desktop/GIT/GlobalGameJam2017/GGJ17Alpha/Content/' took 0.02s
[2017.01.21-23.46.08:547][  0]SourceControl: Info Source control is disabled
[2017.01.21-23.46.08:548][  0]Cmd: MAP LOAD FILE="../../../../../../Users/natha/Desktop/GIT/GlobalGameJam2017/GGJ17Alpha/Content/Maps/Main.umap" TEMPLATE=0 SHOWPROGRESS=1 FEATURELEVEL=3
[2017.01.21-23.46.08:548][  0]LogEditorServer:Warning: Can't find file '../../../../../../Users/natha/Desktop/GIT/GlobalGameJam2017/GGJ17Alpha/Content/Maps/Main.umap'
[2017.01.21-23.46.08:548][  0]Cmd: MAP CHECKDEP NOCLEARLOG
[2017.01.21-23.46.08:587][  0]MapCheck: Info Map check complete: 0 Error(s), 0 Warning(s), took 39.685ms to complete.
[2017.01.21-23.46.08:587][  0]LogFileHelpers: Loading map 'Main' took 0.040
[2017.01.21-23.46.08:655][  0]LogWindowsTextInputMethodSystem:Display: IME system now deactivated.
[2017.01.21-23.46.08:730][  0]LogCollectionManager: Loaded 0 collections in 0.002582 seconds
[2017.01.21-23.46.08:808][  0]LogFileCache: Scanning file cache for directory 'C:/Users/natha/Desktop/GIT/GlobalGameJam2017/GGJ17Alpha/Saved/Collections/' took 0.01s
[2017.01.21-23.46.08:808][  0]LogFileCache: Scanning file cache for directory 'C:/Users/natha/Desktop/GIT/GlobalGameJam2017/GGJ17Alpha/Content/Developers/natha/Collections/' took 0.01s
[2017.01.21-23.46.08:808][  0]LogFileCache: Scanning file cache for directory 'C:/Users/natha/Desktop/GIT/GlobalGameJam2017/GGJ17Alpha/Content/Collections/' took 0.01s
[2017.01.21-23.46.08:808][  0]LogCollectionManager: Rebuilt the GUID cache for 0 collections in 0.000002 seconds
[2017.01.21-23.46.08:824][  0]LogContentBrowser: Native class hierarchy populated in 0.0150 seconds. Added 2207 classes and 439 folders.
[2017.01.21-23.46.08:863][  0]LogStats: UGameplayTagsManager::ConstructGameplayTagTree: Construct from data asset -  0.000 s
[2017.01.21-23.46.08:863][  0]LogStats: UGameplayTagsManager::ConstructGameplayTagTree: GameplayTagTreeChangedEvent.Broadcast -  0.000 s
[2017.01.21-23.46.08:869][  0]LogContentBrowser: Native class hierarchy updated for 'GameplayTags' in 0.0060 seconds. Added 13 classes and 0 folders.
[2017.01.21-23.46.08:935][  0]LogContentBrowser: Native class hierarchy updated for 'WidgetCarousel' in 0.0058 seconds. Added 0 classes and 0 folders.
[2017.01.21-23.46.08:979][  0]LogContentBrowser: Native class hierarchy updated for 'AddContentDialog' in 0.0057 seconds. Added 0 classes and 0 folders.
[2017.01.21-23.46.09:027][  0]LogContentBrowser: Native class hierarchy updated for 'SceneOutliner' in 0.0058 seconds. Added 1 classes and 2 folders.
[2017.01.21-23.46.09:064][  0]LogCrashTracker: Crashtracker disabled due to settings.
[2017.01.21-23.46.09:076][  0]LogDirectoryWatcher:Warning: Failed to begin reading directory changes for ../../../../../../Users/natha/Desktop/GIT/GlobalGameJam2017/GGJ17Alpha/Plugins/. Error: The system cannot find the file specified. (0x00000002)
[2017.01.21-23.46.09:087][  0]LogUObjectGlobals:Warning: Failed to find object 'Class None.'
[2017.01.21-23.46.09:159][  0]LogContentBrowser: Native class hierarchy updated for 'HierarchicalLODOutliner' in 0.0066 seconds. Added 1 classes and 2 folders.
[2017.01.21-23.46.09:159][  0]LogLoad: (Engine Initialization) Total time: 16.77 seconds
[2017.01.21-23.46.09:159][  0]LogLoad: (Engine Initialization) Total Blueprint compile time: 0.04 seconds
[2017.01.21-23.46.09:159][  0]LogExternalProfiler: Found external profiler: VSPerf
[2017.01.21-23.46.09:159][  0]LogExternalProfiler: Using external profiler: VSPerf
[2017.01.21-23.46.09:171][  0]LogOcInput: OculusInput pre-init called
[2017.01.21-23.46.09:191][  0]LogContentStreaming: Texture pool size now 1000 MB
[2017.01.21-23.46.09:379][  0]LogRenderer: Reallocating scene render targets to support 1140x644 NumSamples 1 (Frame:2).
[2017.01.21-23.46.09:450][  1]LogAssetRegistry: Asset discovery search completed in 9.1750 seconds
[2017.01.21-23.46.09:450][  1]LogCollectionManager: Rebuilt the object cache for 0 collections in 0.000001 seconds (found 0 objects)
[2017.01.21-23.46.09:450][  1]LogCollectionManager: Fixed up redirectors for 0 collections in 0.000018 seconds (updated 0 objects)
[2017.01.21-23.51.21:820][788]LogDirectoryWatcher: A directory notification for '../../../Engine/Plugins/' was aborted.
[2017.01.21-23.51.37:500][343]LogWindowsTextInputMethodSystem:Display: IME system now deactivated.
[2017.01.21-23.51.37:725][344]Cmd: QUIT_EDITOR
[2017.01.21-23.51.37:823][344]LogExit: Preparing to exit.
[2017.01.21-23.51.38:636][344]LogDirectoryWatcher: A directory notification for 'C:/Users/natha/Desktop/GIT/GlobalGameJam2017/GGJ17Alpha/Content/' was aborted.
[2017.01.21-23.51.38:669][344]LogExit: Editor shut down
[2017.01.21-23.51.38:671][344]LogExit: Transaction tracking system shut down
[2017.01.21-23.51.38:747][344]LogObj: Freed 0b from 0 cluster array pools.
[2017.01.21-23.51.38:747][344]LogExit: Object subsystem successfully closed.
[2017.01.21-23.51.38:755][344]LogD3D11RHI: Shutdown
[2017.01.21-23.51.38:755][344]LogD3D11RHI: CleanupD3DDevice
[2017.01.21-23.51.38:825][344]LogD3D11RHI: ~FD3D11DynamicRHI
[2017.01.21-23.51.38:838][344]LogHttp:Display: Http module shutting down, but needs to wait on 1 outstanding Http requests:
[2017.01.21-23.51.38:838][344]LogHttp:Display: 	verb=[POST] url=[https://datarouter.ol.epicgames.com/datarouter/api/v1/public/data?SessionID=%7B1C65DF92-4979-B862-A194-96BB046C096A%7D&AppID=UEEditor.Rocket.Release&AppVersion=4.14.3-3249277%2B%2B%2BUE4%2BRelease-4.14&UserID=a81e6cbb4a00eb7bdd53c2ae91662385%7C8a1e17665a0b4825aa55040582794925%7Ced5a4761-fc91-4dfd-9737-bed2a474c6dd&AppEnvironment=datacollector-binary&UploadType=eteventstream] status=Processing
[2017.01.21-23.51.38:843][344]LogModuleManager: Shutting down and abandoning module HierarchicalLODOutliner (244)
[2017.01.21-23.51.38:843][344]LogModuleManager: Shutting down and abandoning module CrashTracker (243)
[2017.01.21-23.51.38:843][344]LogModuleManager: Shutting down and abandoning module SceneOutliner (242)
[2017.01.21-23.51.38:843][344]LogModuleManager: Shutting down and abandoning module WidgetCarousel (241)
[2017.01.21-23.51.38:843][344]LogModuleManager: Shutting down and abandoning module AddContentDialog (240)
[2017.01.21-23.51.38:843][344]LogDirectoryWatcher: A directory notification for 'C:/Program Files (x86)/Epic Games/4.14/FeaturePacks/' was aborted.
[2017.01.21-23.51.38:844][344]LogModuleManager: Shutting down and abandoning module GameplayTags (239)
[2017.01.21-23.51.38:844][344]LogModuleManager: Shutting down and abandoning module EditorWidgets (238)
[2017.01.21-23.51.38:844][344]LogModuleManager: Shutting down and abandoning module CollectionManager (237)
[2017.01.21-23.51.38:844][344]LogDirectoryWatcher: A directory notification for 'C:/Users/natha/Desktop/GIT/GlobalGameJam2017/GGJ17Alpha/Content/Collections/' was aborted.
[2017.01.21-23.51.38:844][344]LogDirectoryWatcher: A directory notification for 'C:/Users/natha/Desktop/GIT/GlobalGameJam2017/GGJ17Alpha/Content/Developers/natha/Collections/' was aborted.
[2017.01.21-23.51.38:844][344]LogDirectoryWatcher: A directory notification for 'C:/Users/natha/Desktop/GIT/GlobalGameJam2017/GGJ17Alpha/Saved/Collections/' was aborted.
[2017.01.21-23.51.38:844][344]LogModuleManager: Shutting down and abandoning module FoliageEdit (236)
[2017.01.21-23.51.38:844][344]LogModuleManager: Shutting down and abandoning module LandscapeEditor (235)
[2017.01.21-23.51.38:844][344]LogModuleManager: Shutting down and abandoning module SceneDepthPickerMode (234)
[2017.01.21-23.51.38:844][344]LogModuleManager: Shutting down and abandoning module ActorPickerMode (233)
[2017.01.21-23.51.38:844][344]LogModuleManager: Shutting down and abandoning module GeometryMode (232)
[2017.01.21-23.51.38:844][344]LogModuleManager: Shutting down and abandoning module TextureAlignMode (231)
[2017.01.21-23.51.38:844][344]LogModuleManager: Shutting down and abandoning module BspMode (230)
[2017.01.21-23.51.38:844][344]LogModuleManager: Shutting down and abandoning module HardwareSurvey (229)
[2017.01.21-23.51.38:844][344]LogModuleManager: Shutting down and abandoning module SequenceRecorderSections (228)
[2017.01.21-23.51.38:844][344]LogModuleManager: Shutting down and abandoning module AutomationWorker (227)
[2017.01.21-23.51.38:844][344]LogModuleManager: Shutting down and abandoning module MatineeToLevelSequence (226)
[2017.01.21-23.51.38:844][344]LogModuleManager: Shutting down and abandoning module PlacementMode (225)
[2017.01.21-23.51.38:844][344]LogModuleManager: Shutting down and abandoning module LevelSequenceEditor (224)
[2017.01.21-23.51.38:845][344]LogModuleManager: Shutting down and abandoning module WmfMediaFactory (223)
[2017.01.21-23.51.38:845][344]LogModuleManager: Shutting down and abandoning module WmfMediaEditor (222)
[2017.01.21-23.51.38:845][344]LogModuleManager: Shutting down and abandoning module AvfMediaFactory (221)
[2017.01.21-23.51.38:845][344]LogModuleManager: Shutting down and abandoning module AvfMediaEditor (220)
[2017.01.21-23.51.38:845][344]LogModuleManager: Shutting down and abandoning module Media (219)
[2017.01.21-23.51.38:845][344]LogModuleManager: Shutting down and abandoning module AndroidMediaFactory (218)
[2017.01.21-23.51.38:845][344]LogModuleManager: Shutting down and abandoning module AndroidMediaEditor (217)
[2017.01.21-23.51.38:845][344]LogModuleManager: Shutting down and abandoning module CharacterAI (216)
[2017.01.21-23.51.38:845][344]LogModuleManager: Shutting down and abandoning module SequenceRecorder (215)
[2017.01.21-23.51.38:845][344]LogModuleManager: Shutting down and abandoning module AudioCapture (214)
[2017.01.21-23.51.38:845][344]LogModuleManager: Shutting down and abandoning module SmartSnapping (213)
[2017.01.21-23.51.38:845][344]LogModuleManager: Shutting down and abandoning module SessionServices (212)
[2017.01.21-23.51.38:845][344]LogModuleManager: Shutting down and abandoning module ViewportSnapping (211)
[2017.01.21-23.51.38:845][344]LogModuleManager: Shutting down and abandoning module ViewportInteraction (210)
[2017.01.21-23.51.38:845][344]LogModuleManager: Shutting down and abandoning module LogVisualizer (209)
[2017.01.21-23.51.38:845][344]LogModuleManager: Shutting down and abandoning module GameProjectGeneration (208)
[2017.01.21-23.51.38:845][344]LogModuleManager: Shutting down and abandoning module IntroTutorials (207)
[2017.01.21-23.51.38:845][344]LogModuleManager: Shutting down and abandoning module EditorLiveStreaming (206)
[2017.01.21-23.51.38:845][344]LogModuleManager: Shutting down and abandoning module IOSPlatformEditor (205)
[2017.01.21-23.51.38:845][344]LogModuleManager: Shutting down and abandoning module HTML5PlatformEditor (204)
[2017.01.21-23.51.38:845][344]LogModuleManager: Shutting down and abandoning module AndroidDeviceDetection (203)
[2017.01.21-23.51.39:263][344]LogModuleManager: Shutting down and abandoning module AndroidPlatformEditor (202)
[2017.01.21-23.51.39:263][344]LogModuleManager: Shutting down and abandoning module IOSRuntimeSettings (201)
[2017.01.21-23.51.39:263][344]LogModuleManager: Shutting down and abandoning module AndroidRuntimeSettings (200)
[2017.01.21-23.51.39:263][344]LogModuleManager: Shutting down and abandoning module InputBindingEditor (199)
[2017.01.21-23.51.39:263][344]LogModuleManager: Shutting down and abandoning module NiagaraEditor (198)
[2017.01.21-23.51.39:263][344]LogModuleManager: Shutting down and abandoning module MergeActors (197)
[2017.01.21-23.51.39:264][344]LogModuleManager: Shutting down and abandoning module SizeMap (196)
[2017.01.21-23.51.39:264][344]LogModuleManager: Shutting down and abandoning module TreeMap (195)
[2017.01.21-23.51.39:264][344]LogModuleManager: Shutting down and abandoning module ReferenceViewer (194)
[2017.01.21-23.51.39:264][344]LogModuleManager: Shutting down and abandoning module LocalizationService (193)
[2017.01.21-23.51.39:264][344]LogModuleManager: Shutting down and abandoning module LocalizationDashboard (192)
[2017.01.21-23.51.39:264][344]LogModuleManager: Shutting down and abandoning module HardwareTargeting (191)
[2017.01.21-23.51.39:264][344]LogModuleManager: Shutting down and abandoning module DeviceProfileEditor (190)
[2017.01.21-23.51.39:264][344]LogModuleManager: Shutting down and abandoning module UndoHistory (189)
[2017.01.21-23.51.39:264][344]LogModuleManager: Shutting down and abandoning module UserFeedback (188)
[2017.01.21-23.51.39:264][344]LogModuleManager: Shutting down and abandoning module XmlParser (187)
[2017.01.21-23.51.39:264][344]LogModuleManager: Shutting down and abandoning module Blutility (186)
[2017.01.21-23.51.39:264][344]LogModuleManager: Shutting down and abandoning module ProjectTargetPlatformEditor (185)
[2017.01.21-23.51.39:264][344]LogModuleManager: Shutting down and abandoning module ProjectSettingsViewer (184)
[2017.01.21-23.51.39:264][344]LogModuleManager: Shutting down and abandoning module EditorSettingsViewer (183)
[2017.01.21-23.51.39:264][344]LogModuleManager: Shutting down and abandoning module SettingsEditor (182)
[2017.01.21-23.51.39:264][344]LogModuleManager: Shutting down and abandoning module ProjectLauncher (181)
[2017.01.21-23.51.39:264][344]LogModuleManager: Shutting down and abandoning module SessionFrontend (180)
[2017.01.21-23.51.39:264][344]LogModuleManager: Shutting down and abandoning module ProfilerClient (179)
[2017.01.21-23.51.39:264][344]LogModuleManager: Shutting down and abandoning module TargetDeviceServices (178)
[2017.01.21-23.51.39:264][344]LogModuleManager: Shutting down and abandoning module DeviceManager (177)
[2017.01.21-23.51.39:306][344]LogModuleManager: Shutting down and abandoning module AutomationController (176)
[2017.01.21-23.51.39:306][344]LogModuleManager: Shutting down and abandoning module AutomationWindow (175)
[2017.01.21-23.51.39:306][344]LogModuleManager: Shutting down and abandoning module Layers (174)
[2017.01.21-23.51.39:306][344]LogModuleManager: Shutting down and abandoning module ComponentVisualizers (173)
[2017.01.21-23.51.39:306][344]LogModuleManager: Shutting down and abandoning module DetailCustomizations (172)
[2017.01.21-23.51.39:306][344]LogModuleManager: Shutting down and abandoning module PackagesDialog (171)
[2017.01.21-23.51.39:306][344]LogModuleManager: Shutting down and abandoning module AnimGraph (170)
[2017.01.21-23.51.39:306][344]LogModuleManager: Shutting down and abandoning module Persona (169)
[2017.01.21-23.51.39:306][344]LogModuleManager: Shutting down and abandoning module Kismet (168)
[2017.01.21-23.51.39:306][344]LogModuleManager: Shutting down and abandoning module GraphEditor (167)
[2017.01.21-23.51.39:306][344]LogModuleManager: Shutting down and abandoning module ClassViewer (166)
[2017.01.21-23.51.39:306][344]LogModuleManager: Shutting down and abandoning module Toolbox (165)
[2017.01.21-23.51.39:306][344]LogModuleManager: Shutting down and abandoning module ModuleUI (164)
[2017.01.21-23.51.39:306][344]LogModuleManager: Shutting down and abandoning module MovieSceneTools (163)
[2017.01.21-23.51.39:307][344]LogModuleManager: Shutting down and abandoning module OutputLog (162)
[2017.01.21-23.51.39:307][344]LogModuleManager: Shutting down and abandoning module GammaUI (161)
[2017.01.21-23.51.39:307][344]LogModuleManager: Shutting down and abandoning module Documentation (160)
[2017.01.21-23.51.39:307][344]LogModuleManager: Shutting down and abandoning module Niagara (159)
[2017.01.21-23.51.39:307][344]LogModuleManager: Shutting down and abandoning module StreamingPauseRendering (158)
[2017.01.21-23.51.39:307][344]LogModuleManager: Shutting down and abandoning module AnalyticsET (157)
[2017.01.21-23.51.39:307][344]LogModuleManager: Shutting down and abandoning module PortalServices (156)
[2017.01.21-23.51.39:307][344]LogModuleManager: Shutting down and abandoning module PortalRpc (155)
[2017.01.21-23.51.39:307][344]LogModuleManager: Shutting down and abandoning module MessagingRpc (154)
[2017.01.21-23.51.39:307][344]LogModuleManager: Shutting down and abandoning module GameplayDebugger (153)
[2017.01.21-23.51.39:307][344]LogModuleManager: Shutting down and abandoning module AITestSuite (152)
[2017.01.21-23.51.39:307][344]LogModuleManager: Shutting down and abandoning module AIModule (151)
[2017.01.21-23.51.39:307][344]LogModuleManager: Shutting down and abandoning module ProfilerService (150)
[2017.01.21-23.51.39:522][344]LogModuleManager: Shutting down and abandoning module TaskGraph (149)
[2017.01.21-23.51.39:522][344]LogModuleManager: Shutting down and abandoning module SubstanceEditor (148)
[2017.01.21-23.51.39:522][344]LogModuleManager: Shutting down and abandoning module SlateRemote (147)
[2017.01.21-23.51.39:522][344]LogModuleManager: Shutting down and abandoning module SteamVRController (146)
[2017.01.21-23.51.39:522][344]LogModuleManager: Shutting down and abandoning module SteamVR (145)
[2017.01.21-23.51.39:522][344]LogModuleManager: Shutting down and abandoning module SoundVisualizations (144)
[2017.01.21-23.51.39:522][344]LogModuleManager: Shutting down and abandoning module ProceduralMeshComponentEditor (143)
[2017.01.21-23.51.39:522][344]LogModuleManager: Shutting down and abandoning module ProceduralMeshComponent (142)
[2017.01.21-23.51.39:522][344]LogModuleManager: Shutting down and abandoning module OculusLibrary (141)
[2017.01.21-23.51.39:522][344]LogModuleManager: Shutting down and abandoning module OculusInput (140)
[2017.01.21-23.51.39:522][344]LogModuleManager: Shutting down and abandoning module MobilePatchingUtils (139)
[2017.01.21-23.51.39:522][344]LogModuleManager: Shutting down and abandoning module CustomMeshComponent (138)
[2017.01.21-23.51.39:522][344]LogModuleManager: Shutting down and abandoning module CableComponent (137)
[2017.01.21-23.51.39:522][344]LogModuleManager: Shutting down and abandoning module ArchVisCharacter (136)
[2017.01.21-23.51.39:522][344]LogModuleManager: Shutting down and abandoning module MediaPlayerEditor (134)
[2017.01.21-23.51.39:523][344]LogModuleManager: Shutting down and abandoning module HTML5Networking (133)
[2017.01.21-23.51.39:523][344]LogModuleManager: Shutting down and abandoning module GeometryCacheEd (132)
[2017.01.21-23.51.39:523][344]LogModuleManager: Shutting down and abandoning module GeometryCache (131)
[2017.01.21-23.51.39:523][344]LogModuleManager: Shutting down and abandoning module AlembicLibrary (130)
[2017.01.21-23.51.39:523][344]LogModuleManager: Shutting down and abandoning module AlembicImporter (129)
[2017.01.21-23.51.39:523][344]LogModuleManager: Shutting down and abandoning module SuperSearch (128)
[2017.01.21-23.51.39:523][344]LogModuleManager: Shutting down and abandoning module SuperSearchEditor (127)
[2017.01.21-23.51.39:523][344]LogModuleManager: Shutting down and abandoning module SpeedTreeImporter (126)
[2017.01.21-23.51.39:523][344]LogModuleManager: Shutting down and abandoning module PluginBrowser (125)
[2017.01.21-23.51.39:523][344]LogModuleManager: Shutting down and abandoning module MobileLauncherProfileWizard (124)
[2017.01.21-23.51.39:523][344]LogModuleManager: Shutting down and abandoning module EpicSurvey (123)
[2017.01.21-23.51.39:523][344]LogModuleManager: Shutting down and abandoning module DesktopPlatform (122)
[2017.01.21-23.51.39:523][344]LogModuleManager: Shutting down and abandoning module VisualStudioSourceCodeAccess (121)
[2017.01.21-23.51.39:523][344]LogModuleManager: Shutting down and abandoning module UObjectPlugin (120)
[2017.01.21-23.51.39:523][344]LogModuleManager: Shutting down and abandoning module SubversionSourceControl (119)
[2017.01.21-23.51.39:523][344]LogModuleManager: Shutting down and abandoning module PerforceSourceControl (118)
[2017.01.21-23.51.39:523][344]LogModuleManager: Shutting down and abandoning module SourceControl (117)
[2017.01.21-23.51.39:523][344]LogModuleManager: Shutting down and abandoning module GitSourceControl (116)
[2017.01.21-23.51.39:523][344]LogModuleManager: Shutting down and abandoning module LightPropagationVolumeEditor (115)
[2017.01.21-23.51.39:523][344]LogModuleManager: Shutting down and abandoning module PaperTiledImporter (114)
[2017.01.21-23.51.39:523][344]LogModuleManager: Shutting down and abandoning module PaperSpriteSheetImporter (113)
[2017.01.21-23.51.39:523][344]LogModuleManager: Shutting down and abandoning module MeshPaint (112)
[2017.01.21-23.51.39:523][344]LogModuleManager: Shutting down and abandoning module PixelInspectorModule (111)
[2017.01.21-23.51.39:523][344]LogModuleManager: Shutting down and abandoning module HotReload (110)
[2017.01.21-23.51.39:523][344]LogDirectoryWatcher: A directory notification for 'C:/Users/natha/Desktop/GIT/GlobalGameJam2017/GGJ17Alpha/Binaries/Win64' was aborted.
[2017.01.21-23.51.39:524][344]LogModuleManager: Shutting down and abandoning module MainFrame (109)
[2017.01.21-23.51.39:524][344]LogModuleManager: Shutting down and abandoning module LevelEditor (108)
[2017.01.21-23.51.39:525][344]LogModuleManager: Shutting down and abandoning module ContentBrowser (107)
[2017.01.21-23.51.39:526][344]LogModuleManager: Shutting down and abandoning module Paper2DEditor (106)
[2017.01.21-23.51.39:527][344]LogModuleManager: Shutting down and abandoning module GGJ17Alpha (105)
[2017.01.21-23.51.39:527][344]LogModuleManager: Shutting down and abandoning module UdpMessaging (104)
[2017.01.21-23.51.39:627][344]LogModuleManager: Shutting down and abandoning module TcpMessaging (103)
[2017.01.21-23.51.39:728][344]LogModuleManager: Shutting down and abandoning module SubstanceCore (102)
[2017.01.21-23.51.39:728][344]LogModuleManager: Shutting down and abandoning module LightPropagationVolumeRuntime (101)
[2017.01.21-23.51.39:728][344]LogModuleManager: Shutting down and abandoning module Paper2D (100)
[2017.01.21-23.51.39:728][344]LogModuleManager: Shutting down and abandoning module WindowsMoviePlayer (99)
[2017.01.21-23.51.39:728][344]LogModuleManager: Shutting down and abandoning module WmfMedia (98)
[2017.01.21-23.51.39:729][344]LogModuleManager: Shutting down and abandoning module MediaAssets (97)
[2017.01.21-23.51.39:729][344]LogModuleManager: Shutting down and abandoning module GameLiveStreaming (96)
[2017.01.21-23.51.39:729][344]LogModuleManager: Shutting down and abandoning module GameplayTagsEditor (95)
[2017.01.21-23.51.39:729][344]LogModuleManager: Shutting down and abandoning module VREditor (94)
[2017.01.21-23.51.39:729][344]LogModuleManager: Shutting down and abandoning module GameplayTasksEditor (93)
[2017.01.21-23.51.39:729][344]LogModuleManager: Shutting down and abandoning module BehaviorTreeEditor (92)
[2017.01.21-23.51.39:729][344]LogModuleManager: Shutting down and abandoning module FunctionalTesting (91)
[2017.01.21-23.51.39:729][344]LogModuleManager: Shutting down and abandoning module CollisionAnalyzer (90)
[2017.01.21-23.51.39:729][344]LogModuleManager: Shutting down and abandoning module Sequencer (89)
[2017.01.21-23.51.39:729][344]LogModuleManager: Shutting down and abandoning module WorkspaceMenuStructure (88)
[2017.01.21-23.51.39:729][344]LogModuleManager: Shutting down and abandoning module MessageLog (87)
[2017.01.21-23.51.39:729][344]LogModuleManager: Shutting down and abandoning module AssetTools (86)
[2017.01.21-23.51.39:729][344]LogModuleManager: Shutting down and abandoning module UMGEditor (85)
[2017.01.21-23.51.39:729][344]LogModuleManager: Shutting down and abandoning module UMG (84)
[2017.01.21-23.51.39:730][344]LogModuleManager: Shutting down and abandoning module SlateReflector (83)
[2017.01.21-23.51.39:730][344]LogModuleManager: Shutting down and abandoning module Slate (82)
[2017.01.21-23.51.39:730][344]LogModuleManager: Shutting down and abandoning module EditorStyle (81)
[2017.01.21-23.51.39:734][344]LogModuleManager: Shutting down and abandoning module SourceCodeAccess (80)
[2017.01.21-23.51.39:735][344]LogModuleManager: Shutting down and abandoning module HeadMountedDisplay (79)
[2017.01.21-23.51.39:735][344]LogModuleManager: Shutting down and abandoning module XAudio2 (78)
[2017.01.21-23.51.39:735][344]LogModuleManager: Shutting down and abandoning module Networking (76)
[2017.01.21-23.51.39:735][344]LogModuleManager: Shutting down and abandoning module Core (75)
[2017.01.21-23.51.39:735][344]LogModuleManager: Shutting down and abandoning module DirectoryWatcher (74)
[2017.01.21-23.51.39:735][344]LogDirectoryWatcher: A directory notification for '../../../Engine/Content/' was aborted.
[2017.01.21-23.51.39:735][344]LogDirectoryWatcher: A directory notification for '../../../../../../Users/natha/Desktop/GIT/GlobalGameJam2017/GGJ17Alpha/Content/' was aborted.
[2017.01.21-23.51.39:735][344]LogDirectoryWatcher: A directory notification for '../../../Engine/Plugins/2D/Paper2D/Content/' was aborted.
[2017.01.21-23.51.39:737][344]LogModuleManager: Shutting down and abandoning module AssetRegistry (73)
[2017.01.21-23.51.39:829][344]LogModuleManager: Shutting down and abandoning module KismetCompiler (72)
[2017.01.21-23.51.39:829][344]LogModuleManager: Shutting down and abandoning module PhysXFormats (71)
[2017.01.21-23.51.39:829][344]LogModuleManager: Shutting down and abandoning module SimplygonSwarm (70)
[2017.01.21-23.51.39:829][344]LogModuleManager: Shutting down and abandoning module SimplygonMeshReduction (69)
[2017.01.21-23.51.39:829][344]LogModuleManager: Shutting down and abandoning module QuadricMeshReduction (68)
[2017.01.21-23.51.39:829][344]LogModuleManager: Shutting down and abandoning module PropertyEditor (67)
[2017.01.21-23.51.39:829][344]LogModuleManager: Shutting down and abandoning module MeshUtilities (66)
[2017.01.21-23.51.39:829][344]LogModuleManager: Shutting down and abandoning module DerivedDataCache (65)
[2017.01.21-23.51.39:908][344]LogDerivedDataCache: Shutdown
[2017.01.21-23.51.39:908][344]LogModuleManager: Shutting down and abandoning module VulkanShaderFormat (64)
[2017.01.21-23.51.39:908][344]LogModuleManager: Shutting down and abandoning module ShaderFormatOpenGL (63)
[2017.01.21-23.51.39:908][344]LogModuleManager: Shutting down and abandoning module ShaderFormatD3D (62)
[2017.01.21-23.51.39:908][344]LogModuleManager: Shutting down and abandoning module MetalShaderFormat (61)
[2017.01.21-23.51.39:908][344]LogModuleManager: Shutting down and abandoning module TextureFormatUncompressed (60)
[2017.01.21-23.51.39:908][344]LogModuleManager: Shutting down and abandoning module TextureFormatPVR (59)
[2017.01.21-23.51.39:908][344]LogModuleManager: Shutting down and abandoning module TextureFormatDXT (58)
[2017.01.21-23.51.39:908][344]LogModuleManager: Shutting down and abandoning module TextureFormatIntelISPCTexComp (57)
[2017.01.21-23.51.39:909][344]LogModuleManager: Shutting down and abandoning module ImageWrapper (56)
[2017.01.21-23.51.39:909][344]LogModuleManager: Shutting down and abandoning module TextureFormatASTC (55)
[2017.01.21-23.51.39:909][344]LogModuleManager: Shutting down and abandoning module TextureFormatAndroid (54)
[2017.01.21-23.51.39:909][344]LogModuleManager: Shutting down and abandoning module AudioFormatOpus (53)
[2017.01.21-23.51.39:909][344]LogModuleManager: Shutting down and abandoning module AudioFormatOgg (52)
[2017.01.21-23.51.39:909][344]LogModuleManager: Shutting down and abandoning module AudioFormatADPCM (51)
[2017.01.21-23.51.39:909][344]LogModuleManager: Shutting down and abandoning module LinuxTargetPlatform (50)
[2017.01.21-23.51.39:909][344]LogModuleManager: Shutting down and abandoning module LinuxServerTargetPlatform (49)
[2017.01.21-23.51.39:909][344]LogModuleManager: Shutting down and abandoning module LinuxNoEditorTargetPlatform (48)
[2017.01.21-23.51.39:909][344]LogModuleManager: Shutting down and abandoning module LinuxClientTargetPlatform (47)
[2017.01.21-23.51.39:909][344]LogModuleManager: Shutting down and abandoning module TVOSTargetPlatform (46)
[2017.01.21-23.51.39:909][344]LogModuleManager: Shutting down and abandoning module Messaging (45)
[2017.01.21-23.51.39:909][344]LogModuleManager: Shutting down and abandoning module IOSTargetPlatform (44)
[2017.01.21-23.51.39:909][344]LogModuleManager: Shutting down and abandoning module HTML5TargetPlatform (43)
[2017.01.21-23.51.39:909][344]LogModuleManager: Shutting down and abandoning module Android_PVRTCTargetPlatform (42)
[2017.01.21-23.51.39:909][344]LogModuleManager: Shutting down and abandoning module Android_MultiTargetPlatform (41)
[2017.01.21-23.51.39:909][344]LogModuleManager: Shutting down and abandoning module Android_ETC2TargetPlatform (40)
[2017.01.21-23.51.39:909][344]LogModuleManager: Shutting down and abandoning module Android_ETC1TargetPlatform (39)
[2017.01.21-23.51.39:909][344]LogModuleManager: Shutting down and abandoning module Android_DXTTargetPlatform (38)
[2017.01.21-23.51.39:910][344]LogModuleManager: Shutting down and abandoning module Android_ATCTargetPlatform (37)
[2017.01.21-23.51.39:910][344]LogModuleManager: Shutting down and abandoning module Android_ASTCTargetPlatform (36)
[2017.01.21-23.51.39:910][344]LogModuleManager: Shutting down and abandoning module AndroidTargetPlatform (35)
[2017.01.21-23.51.39:910][344]LogModuleManager: Shutting down and abandoning module WindowsTargetPlatform (34)
[2017.01.21-23.51.39:910][344]LogModuleManager: Shutting down and abandoning module WindowsServerTargetPlatform (33)
[2017.01.21-23.51.39:910][344]LogModuleManager: Shutting down and abandoning module WindowsNoEditorTargetPlatform (32)
[2017.01.21-23.51.39:910][344]LogModuleManager: Shutting down and abandoning module WindowsClientTargetPlatform (31)
[2017.01.21-23.51.39:910][344]LogModuleManager: Shutting down and abandoning module MacTargetPlatform (30)
[2017.01.21-23.51.39:910][344]LogModuleManager: Shutting down and abandoning module MacServerTargetPlatform (29)
[2017.01.21-23.51.39:910][344]LogModuleManager: Shutting down and abandoning module MacNoEditorTargetPlatform (28)
[2017.01.21-23.51.39:910][344]LogModuleManager: Shutting down and abandoning module MacClientTargetPlatform (27)
[2017.01.21-23.51.39:910][344]LogModuleManager: Shutting down and abandoning module AllDesktopTargetPlatform (26)
[2017.01.21-23.51.39:910][344]LogModuleManager: Shutting down and abandoning module TargetPlatform (25)
[2017.01.21-23.51.39:910][344]LogModuleManager: Shutting down and abandoning module InputCore (24)
[2017.01.21-23.51.39:910][344]LogModuleManager: Shutting down and abandoning module Settings (23)
[2017.01.21-23.51.39:910][344]LogModuleManager: Shutting down and abandoning module OculusRift (22)
[2017.01.21-23.51.39:911][344]LogModuleManager: Shutting down and abandoning module ExampleDeviceProfileSelector (21)
[2017.01.21-23.51.39:911][344]LogModuleManager: Shutting down and abandoning module OnlineBlueprintSupport (20)
[2017.01.21-23.51.39:911][344]LogModuleManager: Shutting down and abandoning module OnlineSubsystem (18)
[2017.01.21-23.51.39:911][344]LogOnline:Display: Unloading online subsystem: NULL
[2017.01.21-23.51.39:911][344]LogModuleManager: Shutting down and abandoning module SSL (17)
[2017.01.21-23.51.39:916][344]LogModuleManager: Shutting down and abandoning module HTTP (16)
[2017.01.21-23.51.39:916][344]LogModuleManager: Shutting down and abandoning module XMPP (15)
[2017.01.21-23.51.39:916][344]LogModuleManager: Shutting down and abandoning module TextureCompressor (14)
[2017.01.21-23.51.39:916][344]LogModuleManager: Shutting down and abandoning module ShaderCore (13)
[2017.01.21-23.51.39:916][344]LogModuleManager: Shutting down and abandoning module Landscape (12)
[2017.01.21-23.51.39:916][344]LogModuleManager: Shutting down and abandoning module SlateRHIRenderer (11)
[2017.01.21-23.51.39:919][344]LogModuleManager: Shutting down and abandoning module OpenGLDrv (10)
[2017.01.21-23.51.39:919][344]LogModuleManager: Shutting down and abandoning module D3D11RHI (9)
[2017.01.21-23.51.39:919][344]LogModuleManager: Shutting down and abandoning module AnimGraphRuntime (8)
[2017.01.21-23.51.39:919][344]LogModuleManager: Shutting down and abandoning module Renderer (7)
[2017.01.21-23.51.39:919][344]LogModuleManager: Shutting down and abandoning module Engine (6)
[2017.01.21-23.51.39:919][344]LogModuleManager: Shutting down and abandoning module CoreUObject (5)
[2017.01.21-23.51.39:919][344]LogModuleManager: Shutting down and abandoning module NetworkFile (4)
[2017.01.21-23.51.39:919][344]LogModuleManager: Shutting down and abandoning module StreamingFile (3)
[2017.01.21-23.51.39:919][344]LogModuleManager: Shutting down and abandoning module SandboxFile (2)
[2017.01.21-23.51.39:919][344]LogModuleManager: Shutting down and abandoning module PakFile (1)
[2017.01.21-23.51.39:923][344]LogExit: Exiting.
[2017.01.21-23.51.39:955][344]Log file closed, 01/21/17 15:51:39
